<?xml version="1.0" encoding="UTF-8"?>
<!-- Generated by org.testng.reporters.JUnitReportReporter -->
<testsuite skipped="0" hostname="DESKTOP-CFS1HL3" name="Air_TestCases.AIr_execute_sep" tests="2" failures="0" timestamp="03 May 2020 21:15:20 GMT" time="306.277" errors="0">
  <testcase name="enter" time="0.011" classname="Air_TestCases.AIr_execute_sep"/>
  <testcase name="fromtodetails" time="306.266" classname="Air_TestCases.AIr_execute_sep"/>
</testsuite> <!-- Air_TestCases.AIr_execute_sep -->
