<?xml version="1.0" encoding="UTF-8"?>
<!-- Generated by org.testng.reporters.JUnitReportReporter -->
<testsuite skipped="0" hostname="DESKTOP-CFS1HL3" name="Air_TestCases.Air_Firstpage_Test" tests="7" failures="0" timestamp="01 May 2020 23:10:38 GMT" time="36.369" errors="0">
  <testcase name="enter" time="0.145" classname="Air_TestCases.Air_Firstpage_Test"/>
  <testcase name="fromto" time="4.255" classname="Air_TestCases.Air_Firstpage_Test"/>
  <testcase name="tofrom" time="5.530" classname="Air_TestCases.Air_Firstpage_Test"/>
  <testcase name="fromtodetails" time="9.121" classname="Air_TestCases.Air_Firstpage_Test"/>
  <testcase name="sec" time="0.534" classname="Air_TestCases.Air_Firstpage_Test"/>
  <testcase name="text" time="0.057" classname="Air_TestCases.Air_Firstpage_Test"/>
  <testcase name="main" time="16.727" classname="Air_TestCases.Air_Firstpage_Test"/>
</testsuite> <!-- Air_TestCases.Air_Firstpage_Test -->
